<?xml version="1.0" encoding="UTF-8"?>
<!-- Generated by org.testng.reporters.JUnitReportReporter -->
<testsuite skipped="0" hostname="LAPTOP-VQO8IC01" name="projectXL.TestWithExcel" tests="1" failures="0" timestamp="2021-04-02T09:30:16 PDT" time="3.495" errors="0">
  <testcase name="inputData" time="3.495" classname="projectXL.TestWithExcel"/>
  <system-out/>
</testsuite> <!-- projectXL.TestWithExcel -->
